  [4;36;1mSQL (0.2ms)[0m   [0;1m SELECT name
 FROM sqlite_master
 WHERE type = 'table' AND NOT name = 'sqlite_sequence'
[0m
  [4;35;1mSQL (0.1ms)[0m   [0mselect sqlite_version(*)[0m
  [4;36;1mSQL (1.5ms)[0m   [0;1mCREATE TABLE "schema_migrations" ("version" varchar(255) NOT NULL) [0m
  [4;35;1mSQL (1.0ms)[0m   [0mCREATE UNIQUE INDEX "unique_schema_migrations" ON "schema_migrations" ("version")[0m
  [4;36;1mSQL (0.2ms)[0m   [0;1m SELECT name
 FROM sqlite_master
 WHERE type = 'table' AND NOT name = 'sqlite_sequence'
[0m
  [4;35;1mSQL (0.1ms)[0m   [0mSELECT version FROM schema_migrations[0m
Migrating to CreateUsers (20110223134644)
  [4;36;1mSQL (0.4ms)[0m   [0;1mCREATE TABLE "users" ("id" INTEGER PRIMARY KEY AUTOINCREMENT NOT NULL, "name" varchar(255), "email" varchar(255), "created_at" datetime, "updated_at" datetime) [0m
  [4;35;1mSQL (0.1ms)[0m   [0mINSERT INTO schema_migrations (version) VALUES ('20110223134644')[0m
Migrating to CreateArticles (20110223134708)
  [4;36;1mSQL (0.4ms)[0m   [0;1mCREATE TABLE "articles" ("id" INTEGER PRIMARY KEY AUTOINCREMENT NOT NULL, "name" varchar(255), "content" varchar(255), "created_at" datetime, "updated_at" datetime) [0m
  [4;35;1mSQL (0.1ms)[0m   [0mINSERT INTO schema_migrations (version) VALUES ('20110223134708')[0m
Migrating to CreateComments (20110223134721)
  [4;36;1mSQL (0.3ms)[0m   [0;1mCREATE TABLE "comments" ("id" INTEGER PRIMARY KEY AUTOINCREMENT NOT NULL, "content" varchar(255), "created_at" datetime, "updated_at" datetime) [0m
  [4;35;1mSQL (0.1ms)[0m   [0mINSERT INTO schema_migrations (version) VALUES ('20110223134721')[0m
  [4;36;1mSQL (0.2ms)[0m   [0;1m SELECT name
 FROM sqlite_master
 WHERE type = 'table' AND NOT name = 'sqlite_sequence'
[0m
  [4;35;1mSQL (0.1ms)[0m   [0mSELECT version FROM schema_migrations[0m
  [4;36;1mSQL (0.1ms)[0m   [0;1m SELECT name
 FROM sqlite_master
 WHERE type = 'table' AND NOT name = 'sqlite_sequence'
[0m
  [4;35;1mSQL (0.0ms)[0m   [0mPRAGMA index_list("articles")[0m
  [4;36;1mSQL (0.0ms)[0m   [0;1mPRAGMA index_list("comments")[0m
  [4;35;1mSQL (0.0ms)[0m   [0mPRAGMA index_list("users")[0m
  [4;36;1mSQL (0.1ms)[0m   [0;1mSET SQL_AUTO_IS_NULL=0[0m
  [4;35;1mSQL (0.2ms)[0m   [0mSHOW TABLES[0m
  [4;36;1mSQL (37.2ms)[0m   [0;1mCREATE TABLE `schema_migrations` (`version` varchar(255) NOT NULL) ENGINE=InnoDB[0m
  [4;35;1mSQL (103.3ms)[0m   [0mCREATE UNIQUE INDEX `unique_schema_migrations` ON `schema_migrations` (`version`)[0m
  [4;36;1mSQL (0.3ms)[0m   [0;1mSHOW TABLES[0m
  [4;35;1mSQL (0.2ms)[0m   [0mSELECT version FROM schema_migrations[0m
Migrating to CreateUsers (20110223134644)
  [4;36;1mSQL (83.6ms)[0m   [0;1mCREATE TABLE `users` (`id` int(11) DEFAULT NULL auto_increment PRIMARY KEY, `name` varchar(255), `email` varchar(255), `created_at` datetime, `updated_at` datetime) ENGINE=InnoDB[0m
  [4;35;1mSQL (0.5ms)[0m   [0mINSERT INTO schema_migrations (version) VALUES ('20110223134644')[0m
Migrating to CreateArticles (20110223134708)
  [4;36;1mSQL (55.7ms)[0m   [0;1mCREATE TABLE `articles` (`id` int(11) DEFAULT NULL auto_increment PRIMARY KEY, `name` varchar(255), `content` varchar(255), `created_at` datetime, `updated_at` datetime) ENGINE=InnoDB[0m
  [4;35;1mSQL (0.4ms)[0m   [0mINSERT INTO schema_migrations (version) VALUES ('20110223134708')[0m
Migrating to CreateComments (20110223134721)
  [4;36;1mSQL (56.5ms)[0m   [0;1mCREATE TABLE `comments` (`id` int(11) DEFAULT NULL auto_increment PRIMARY KEY, `content` varchar(255), `created_at` datetime, `updated_at` datetime) ENGINE=InnoDB[0m
  [4;35;1mSQL (0.7ms)[0m   [0mINSERT INTO schema_migrations (version) VALUES ('20110223134721')[0m
  [4;36;1mSQL (0.3ms)[0m   [0;1mSHOW TABLES[0m
  [4;35;1mSQL (0.1ms)[0m   [0mSELECT version FROM schema_migrations[0m
  [4;36;1mSQL (0.2ms)[0m   [0;1mSHOW TABLES[0m
  [4;35;1mSQL (1.0ms)[0m   [0mSHOW FIELDS FROM `articles`[0m
  [4;36;1mSQL (1.1ms)[0m   [0;1mdescribe `articles`[0m
  [4;35;1mSQL (1.7ms)[0m   [0mSHOW KEYS FROM `articles`[0m
  [4;36;1mSQL (1.8ms)[0m   [0;1mSHOW FIELDS FROM `comments`[0m
  [4;35;1mSQL (1.6ms)[0m   [0mdescribe `comments`[0m
  [4;36;1mSQL (0.5ms)[0m   [0;1mSHOW KEYS FROM `comments`[0m
  [4;35;1mSQL (0.8ms)[0m   [0mSHOW FIELDS FROM `users`[0m
  [4;36;1mSQL (1.3ms)[0m   [0;1mdescribe `users`[0m
  [4;35;1mSQL (0.3ms)[0m   [0mSHOW KEYS FROM `users`[0m
ActiveScaffold: extending RESTful routes for comments
ActiveScaffold: extending RESTful routes for articles
ActiveScaffold: extending RESTful routes for users
  [4;36;1mSQL (0.1ms)[0m   [0;1mSET SQL_AUTO_IS_NULL=0[0m
  [4;35;1mComment Columns (2.7ms)[0m   [0mSHOW FIELDS FROM `comments`[0m


Processing UsersController#index (for 127.0.0.1 at 2011-02-23 13:53:09) [GET]
  [4;36;1mUser Load (0.2ms)[0m   [0;1mSELECT * FROM `users` [0m
Rendering template within layouts/users
Rendering users/index
Completed in 31ms (View: 24, DB: 3) | 200 OK [http://localhost/users]
  [4;35;1mSQL (0.1ms)[0m   [0mSET SQL_AUTO_IS_NULL=0[0m
  [4;36;1mComment Columns (1.3ms)[0m   [0;1mSHOW FIELDS FROM `comments`[0m


Processing UsersController#new (for 127.0.0.1 at 2011-02-23 13:53:13) [GET]
  [4;35;1mUser Columns (1.0ms)[0m   [0mSHOW FIELDS FROM `users`[0m
Rendering template within layouts/users
Rendering users/new
Completed in 14ms (View: 9, DB: 2) | 200 OK [http://localhost/users/new]
  [4;36;1mSQL (0.1ms)[0m   [0;1mSET SQL_AUTO_IS_NULL=0[0m
  [4;35;1mComment Columns (1.0ms)[0m   [0mSHOW FIELDS FROM `comments`[0m


Processing UsersController#create (for 127.0.0.1 at 2011-02-23 13:53:23) [POST]
  Parameters: {"commit"=>"Create", "authenticity_token"=>"ZHxVvmNoj4ujp+42Veaw+5MISQ1eg1Rb/ophtPHqBZg=", "user"=>{"name"=>"kris", "email"=>"kris@mail.com"}}
  [4;36;1mUser Columns (1.0ms)[0m   [0;1mSHOW FIELDS FROM `users`[0m
  [4;35;1mSQL (0.1ms)[0m   [0mBEGIN[0m
  [4;36;1mUser Create (0.2ms)[0m   [0;1mINSERT INTO `users` (`name`, `created_at`, `updated_at`, `email`) VALUES('kris', '2011-02-23 13:53:23', '2011-02-23 13:53:23', 'kris@mail.com')[0m
  [4;35;1mSQL (0.4ms)[0m   [0mCOMMIT[0m
Redirected to http://localhost:3000/users/1
Completed in 7ms (DB: 3) | 302 Found [http://localhost/users]
  [4;36;1mSQL (0.1ms)[0m   [0;1mSET SQL_AUTO_IS_NULL=0[0m
  [4;35;1mComment Columns (0.9ms)[0m   [0mSHOW FIELDS FROM `comments`[0m


Processing UsersController#show (for 127.0.0.1 at 2011-02-23 13:53:23) [GET]
  Parameters: {"id"=>"1"}
  [4;36;1mUser Columns (1.1ms)[0m   [0;1mSHOW FIELDS FROM `users`[0m
  [4;35;1mUser Load (0.5ms)[0m   [0mSELECT * FROM `users` WHERE (`users`.`id` = 1) [0m
Rendering template within layouts/users
Rendering users/show
Completed in 18ms (View: 9, DB: 3) | 200 OK [http://localhost/users/1]
  [4;36;1mSQL (0.1ms)[0m   [0;1mSET SQL_AUTO_IS_NULL=0[0m
  [4;35;1mComment Columns (2.0ms)[0m   [0mSHOW FIELDS FROM `comments`[0m


Processing UsersController#index (for 127.0.0.1 at 2011-02-23 13:53:30) [GET]
  [4;36;1mUser Load (0.2ms)[0m   [0;1mSELECT * FROM `users` [0m
Rendering template within layouts/users
Rendering users/index
  [4;35;1mUser Columns (0.9ms)[0m   [0mSHOW FIELDS FROM `users`[0m
Completed in 11ms (View: 7, DB: 3) | 200 OK [http://localhost/users]
  [4;36;1mSQL (0.1ms)[0m   [0;1mSET SQL_AUTO_IS_NULL=0[0m


Processing ApplicationController#index (for 127.0.0.1 at 2011-02-23 14:01:22) [GET]

ActionController::RoutingError (No route matches "/admin" with {:method=>:get}):
  

Rendering rescues/layout (not_found)
  [4;35;1mSQL (0.1ms)[0m   [0mSET SQL_AUTO_IS_NULL=0[0m
  [4;36;1mComment Columns (0.9ms)[0m   [0;1mSHOW FIELDS FROM `comments`[0m


Processing UsersController#index (for 127.0.0.1 at 2011-02-23 14:03:30) [GET]
  [4;35;1mUser Load (0.2ms)[0m   [0mSELECT * FROM `users` [0m
Rendering template within layouts/users
Rendering users/index
  [4;36;1mUser Columns (0.9ms)[0m   [0;1mSHOW FIELDS FROM `users`[0m
Completed in 11ms (View: 7, DB: 2) | 200 OK [http://localhost/users]
  [4;35;1mSQL (0.1ms)[0m   [0mSET SQL_AUTO_IS_NULL=0[0m
  [4;36;1mComment Columns (0.9ms)[0m   [0;1mSHOW FIELDS FROM `comments`[0m


Processing UsersController#edit (for 127.0.0.1 at 2011-02-23 14:03:33) [GET]
  Parameters: {"id"=>"1"}
  [4;35;1mUser Columns (1.0ms)[0m   [0mSHOW FIELDS FROM `users`[0m
  [4;36;1mUser Load (0.2ms)[0m   [0;1mSELECT * FROM `users` WHERE (`users`.`id` = 1) [0m
Rendering template within layouts/users
Rendering users/edit
Completed in 14ms (View: 9, DB: 2) | 200 OK [http://localhost/users/1/edit]
  [4;35;1mSQL (0.1ms)[0m   [0mSET SQL_AUTO_IS_NULL=0[0m
  [4;36;1mComment Columns (1.0ms)[0m   [0;1mSHOW FIELDS FROM `comments`[0m


Processing UsersController#edit (for 127.0.0.1 at 2011-02-23 14:04:06) [GET]
  Parameters: {"id"=>"1"}
  [4;35;1mUser Columns (2.7ms)[0m   [0mSHOW FIELDS FROM `users`[0m
  [4;36;1mUser Load (0.5ms)[0m   [0;1mSELECT * FROM `users` WHERE (`users`.`id` = 1) [0m
Rendering template within layouts/users
Rendering users/edit
Completed in 16ms (View: 8, DB: 4) | 200 OK [http://localhost/users/1/edit]
  [4;35;1mSQL (0.1ms)[0m   [0mSET SQL_AUTO_IS_NULL=0[0m
  [4;36;1mComment Columns (1.1ms)[0m   [0;1mSHOW FIELDS FROM `comments`[0m


Processing UsersController#edit (for 127.0.0.1 at 2011-02-23 14:04:46) [GET]
  Parameters: {"id"=>"1"}
  [4;35;1mUser Columns (1.2ms)[0m   [0mSHOW FIELDS FROM `users`[0m
  [4;36;1mUser Load (1.1ms)[0m   [0;1mSELECT * FROM `users` WHERE (`users`.`id` = 1) [0m
Rendering template within layouts/users
Rendering users/edit
Completed in 17ms (View: 9, DB: 3) | 200 OK [http://localhost/users/1/edit]
  [4;35;1mSQL (0.2ms)[0m   [0mSET SQL_AUTO_IS_NULL=0[0m
  [4;36;1mComment Columns (1.1ms)[0m   [0;1mSHOW FIELDS FROM `comments`[0m


Processing UsersController#edit (for 127.0.0.1 at 2011-02-23 14:09:57) [GET]
  Parameters: {"id"=>"1"}
  [4;35;1mUser Columns (1.2ms)[0m   [0mSHOW FIELDS FROM `users`[0m
  [4;36;1mUser Load (0.4ms)[0m   [0;1mSELECT * FROM `users` WHERE (`users`.`id` = 1) [0m
Rendering template within layouts/users
Rendering users/edit
Completed in 15ms (View: 8, DB: 3) | 200 OK [http://localhost/users/1/edit]
  [4;35;1mSQL (0.1ms)[0m   [0mSET SQL_AUTO_IS_NULL=0[0m
  [4;36;1mComment Columns (0.9ms)[0m   [0;1mSHOW FIELDS FROM `comments`[0m


Processing UsersController#edit (for 127.0.0.1 at 2011-02-23 14:10:39) [GET]
  Parameters: {"id"=>"1"}
  [4;35;1mUser Columns (0.9ms)[0m   [0mSHOW FIELDS FROM `users`[0m
  [4;36;1mUser Load (0.2ms)[0m   [0;1mSELECT * FROM `users` WHERE (`users`.`id` = 1) [0m
Rendering template within layouts/users
Rendering users/edit
Completed in 17ms (View: 11, DB: 2) | 200 OK [http://localhost/users/1/edit]
  [4;35;1mSQL (0.1ms)[0m   [0mSET SQL_AUTO_IS_NULL=0[0m
  [4;36;1mComment Columns (1.1ms)[0m   [0;1mSHOW FIELDS FROM `comments`[0m


Processing UsersController#index (for 127.0.0.1 at 2011-02-23 14:10:49) [GET]
  [4;35;1mUser Load (0.2ms)[0m   [0mSELECT * FROM `users` [0m
Rendering template within layouts/users
Rendering users/index
  [4;36;1mUser Columns (0.9ms)[0m   [0;1mSHOW FIELDS FROM `users`[0m
Completed in 13ms (View: 7, DB: 2) | 200 OK [http://localhost/users/]
  [4;35;1mSQL (0.1ms)[0m   [0mSET SQL_AUTO_IS_NULL=0[0m
  [4;36;1mComment Columns (1.0ms)[0m   [0;1mSHOW FIELDS FROM `comments`[0m


Processing CommentsController#index (for 127.0.0.1 at 2011-02-23 14:11:00) [GET]
  [4;35;1mComment Load (0.7ms)[0m   [0mSELECT * FROM `comments` [0m
Rendering template within layouts/comments
Rendering comments/index
Completed in 70ms (View: 67, DB: 2) | 200 OK [http://localhost/comments]
ActiveScaffold: extending RESTful routes for comments
ActiveScaffold: extending RESTful routes for articles
ActiveScaffold: extending RESTful routes for users
  [4;36;1mSQL (0.1ms)[0m   [0;1mSET SQL_AUTO_IS_NULL=0[0m
  [4;35;1mComment Columns (1.1ms)[0m   [0mSHOW FIELDS FROM `comments`[0m


Processing CommentsController#index (for 127.0.0.1 at 2011-02-23 14:11:22) [GET]
  [4;36;1mComment Load (0.2ms)[0m   [0;1mSELECT * FROM `comments` [0m
Rendering template within layouts/comments
Rendering comments/index
Completed in 25ms (View: 23, DB: 1) | 200 OK [http://localhost/comments]
  [4;35;1mSQL (0.1ms)[0m   [0mSET SQL_AUTO_IS_NULL=0[0m
  [4;36;1mComment Columns (0.9ms)[0m   [0;1mSHOW FIELDS FROM `comments`[0m


Processing CommentsController#index (for 127.0.0.1 at 2011-02-23 14:11:50) [GET]
  [4;35;1mComment Load (0.4ms)[0m   [0mSELECT * FROM `comments` [0m
Rendering template within layouts/comments
Rendering comments/index
Completed in 11ms (View: 8, DB: 1) | 200 OK [http://localhost/comments]
  [4;36;1mSQL (0.1ms)[0m   [0;1mSET SQL_AUTO_IS_NULL=0[0m
  [4;35;1mComment Columns (0.9ms)[0m   [0mSHOW FIELDS FROM `comments`[0m


Processing CommentsController#new (for 127.0.0.1 at 2011-02-23 14:11:55) [GET]
Rendering template within layouts/comments
Rendering comments/new
Completed in 61ms (View: 59, DB: 1) | 200 OK [http://localhost/comments/new]
  [4;36;1mSQL (0.1ms)[0m   [0;1mSET SQL_AUTO_IS_NULL=0[0m
  [4;35;1mComment Columns (0.9ms)[0m   [0mSHOW FIELDS FROM `comments`[0m


Processing CommentsController#create (for 127.0.0.1 at 2011-02-23 14:12:01) [POST]
  Parameters: {"comment"=>{"content"=>"test"}, "commit"=>"Create", "authenticity_token"=>"ZHxVvmNoj4ujp+42Veaw+5MISQ1eg1Rb/ophtPHqBZg="}
  [4;36;1mSQL (0.1ms)[0m   [0;1mBEGIN[0m
  [4;35;1mComment Create (0.2ms)[0m   [0mINSERT INTO `comments` (`created_at`, `updated_at`, `content`) VALUES('2011-02-23 14:12:01', '2011-02-23 14:12:01', 'test')[0m
  [4;36;1mSQL (0.6ms)[0m   [0;1mCOMMIT[0m
Redirected to http://localhost:3000/comments/1
Completed in 6ms (DB: 2) | 302 Found [http://localhost/comments]
  [4;35;1mSQL (0.1ms)[0m   [0mSET SQL_AUTO_IS_NULL=0[0m
  [4;36;1mComment Columns (4.1ms)[0m   [0;1mSHOW FIELDS FROM `comments`[0m


Processing CommentsController#show (for 127.0.0.1 at 2011-02-23 14:12:01) [GET]
  Parameters: {"id"=>"1"}
  [4;35;1mComment Load (0.6ms)[0m   [0mSELECT * FROM `comments` WHERE (`comments`.`id` = 1) [0m
Rendering template within layouts/comments
Rendering comments/show
Completed in 9ms (View: 7, DB: 5) | 200 OK [http://localhost/comments/1]
  [4;36;1mSQL (0.1ms)[0m   [0;1mSET SQL_AUTO_IS_NULL=0[0m
  [4;35;1mComment Columns (1.0ms)[0m   [0mSHOW FIELDS FROM `comments`[0m


Processing CommentsController#index (for 127.0.0.1 at 2011-02-23 14:12:05) [GET]
  [4;36;1mComment Load (0.2ms)[0m   [0;1mSELECT * FROM `comments` [0m
Rendering template within layouts/comments
Rendering comments/index
Completed in 8ms (View: 6, DB: 1) | 200 OK [http://localhost/comments]
  [4;35;1mSQL (0.1ms)[0m   [0mSET SQL_AUTO_IS_NULL=0[0m
  [4;36;1mComment Columns (1.0ms)[0m   [0;1mSHOW FIELDS FROM `comments`[0m


Processing CommentsController#index (for 127.0.0.1 at 2011-02-23 14:12:27) [GET]
  [4;35;1mComment Load (0.3ms)[0m   [0mSELECT * FROM `comments` [0m
Rendering template within layouts/comments
Rendering comments/index
Completed in 10ms (View: 7, DB: 1) | 200 OK [http://localhost/comments]
ActiveScaffold: extending RESTful routes for comments
ActiveScaffold: extending RESTful routes for articles
ActiveScaffold: extending RESTful routes for users
  [4;36;1mSQL (0.1ms)[0m   [0;1mSET SQL_AUTO_IS_NULL=0[0m
  [4;35;1mComment Columns (1.0ms)[0m   [0mSHOW FIELDS FROM `comments`[0m


Processing CommentsController#index (for 127.0.0.1 at 2011-02-23 14:19:35) [GET]
  [4;36;1mComment Load (0.2ms)[0m   [0;1mSELECT * FROM `comments` [0m
Rendering template within layouts/comments
Rendering comments/index
Completed in 27ms (View: 24, DB: 1) | 200 OK [http://localhost/comments]
ActiveScaffold: extending RESTful routes for comments
ActiveScaffold: extending RESTful routes for articles
ActiveScaffold: extending RESTful routes for users
  [4;36;1mSQL (0.1ms)[0m   [0;1mSET SQL_AUTO_IS_NULL=0[0m
  [4;35;1mArticle Columns (1.0ms)[0m   [0mSHOW FIELDS FROM `articles`[0m


Processing ArticlesController#index (for 127.0.0.1 at 2011-02-23 14:27:35) [GET]
  [4;36;1mSQL (0.2ms)[0m   [0;1mSELECT count(*) AS count_all FROM `articles` [0m
  [4;35;1mArticle Load (0.1ms)[0m   [0mSELECT `articles`.* FROM `articles` ORDER BY `articles`.`id` ASC LIMIT 0, 15[0m
  [4;36;1mCACHE (0.0ms)[0m   [0;1mSELECT `articles`.* FROM `articles` ORDER BY `articles`.`id` ASC LIMIT 0, 15[0m
Rendering template within layouts/articles
Rendering list
Rendered _list_header (10.8ms)
Rendered _list_column_headings (12.1ms)
Rendered _messages (0.7ms)
Rendered _list (22.2ms)
Completed in 65ms (View: 61, DB: 2) | 200 OK [http://localhost/articles]
ActiveScaffold: extending RESTful routes for comments
ActiveScaffold: extending RESTful routes for articles
ActiveScaffold: extending RESTful routes for users
  [4;36;1mSQL (0.1ms)[0m   [0;1mSET SQL_AUTO_IS_NULL=0[0m
  [4;35;1mComment Columns (1.0ms)[0m   [0mSHOW FIELDS FROM `comments`[0m


Processing CommentsController#index (for 127.0.0.1 at 2011-02-23 14:28:52) [GET]
  [4;36;1mSQL (0.3ms)[0m   [0;1mSELECT count(*) AS count_all FROM `comments` [0m
  [4;35;1mComment Load (0.1ms)[0m   [0mSELECT `comments`.* FROM `comments` ORDER BY `comments`.`id` ASC LIMIT 0, 15[0m
Rendering template within layouts/comments
Rendering list
Rendered _list_header (11.0ms)
Rendered _list_column_headings (8.8ms)
Rendered _messages (0.7ms)
Rendered _list_actions (4.4ms)
Rendered _list_record (144.9ms)
Rendered _list (167.3ms)
Completed in 211ms (View: 207, DB: 2) | 200 OK [http://localhost/comments]
  [4;36;1mSQL (0.1ms)[0m   [0;1mSET SQL_AUTO_IS_NULL=0[0m
  [4;35;1mComment Columns (1.0ms)[0m   [0mSHOW FIELDS FROM `comments`[0m


Processing CommentsController#new (for 127.0.0.1 at 2011-02-23 14:29:13) [GET]
  Parameters: {"adapter"=>"_list_inline_adapter"}
Rendered _form_attribute (1.4ms)
Rendered _form (5.6ms)
Rendered _create_form (14.5ms)
Rendered _messages (0.6ms)
Rendered _list_inline_adapter (4.5ms)
Completed in 38ms (View: 7, DB: 0) | 200 OK [http://localhost/comments/new?_method=get&adapter=_list_inline_adapter]
  [4;36;1mSQL (0.1ms)[0m   [0;1mSET SQL_AUTO_IS_NULL=0[0m
  [4;35;1mComment Columns (3.2ms)[0m   [0mSHOW FIELDS FROM `comments`[0m


Processing CommentsController#create (for 127.0.0.1 at 2011-02-23 14:29:21) [POST]
  Parameters: {"commit"=>"Create", "authenticity_token"=>"ZHxVvmNoj4ujp+42Veaw+5MISQ1eg1Rb/ophtPHqBZg=", "record"=>{"content"=>"another test"}}
  [4;36;1mSQL (0.2ms)[0m   [0;1mBEGIN[0m
  [4;35;1mComment Create (0.2ms)[0m   [0mINSERT INTO `comments` (`created_at`, `updated_at`, `content`) VALUES('2011-02-23 14:29:21', '2011-02-23 14:29:21', 'another test')[0m
  [4;36;1mSQL (25.4ms)[0m   [0;1mCOMMIT[0m
Rendering on_create
Rendered _list_actions (3.4ms)
Rendered _list_record (10.5ms)
Rendered _messages (0.7ms)
Completed in 126ms (View: 96, DB: 29) | 200 OK [http://localhost/comments]
